<?xml version="1.0" encoding="UTF-8"?>
<testsuite name="Cucumber" time="112.162" tests="2" skipped="0" failures="0" errors="0">
<testcase classname="Login fuctionality" name="verify the login credentials" time="90.401">
<system-out><![CDATA[
Given user is on login page.................................................passed
When user enter the username and password...................................passed
And user click the login button.............................................passed
Then user getting error message.............................................passed
]]></system-out>
</testcase>
<testcase classname="Login fuctionality" name="verify the login invalid credentials" time="21.34">
<system-out><![CDATA[
Given user is on login page.................................................passed
When user enter the username and password...................................passed
And user click the login button.............................................passed
Then user getting error message.............................................passed
]]></system-out>
</testcase>
</testsuite>
